<?xml version="1.0" encoding="UTF-8"?>
<testng-results skipped="0" failed="0" ignored="0" total="2" passed="2">
  <reporter-output>
  </reporter-output>
  <suite name="Default suite" duration-ms="19119" started-at="2020-11-07T22:13:20 EST" finished-at="2020-11-07T22:13:39 EST">
    <groups>
    </groups>
    <test name="Default test" duration-ms="19119" started-at="2020-11-07T22:13:20 EST" finished-at="2020-11-07T22:13:39 EST">
      <class name="testNgConcept.CrmTestNG">
        <test-method status="PASS" signature="readConfig()[pri:0, instance:testNgConcept.CrmTestNG@711f39f9]" name="readConfig" is-config="true" duration-ms="10" started-at="2020-11-07T22:13:20 EST" finished-at="2020-11-07T22:13:20 EST">
          <reporter-output>
          </reporter-output>
        </test-method> <!-- readConfig -->
        <test-method status="PASS" signature="launchBrowser()[pri:0, instance:testNgConcept.CrmTestNG@711f39f9]" name="launchBrowser" is-config="true" duration-ms="7258" started-at="2020-11-07T22:13:20 EST" finished-at="2020-11-07T22:13:27 EST">
          <reporter-output>
          </reporter-output>
        </test-method> <!-- launchBrowser -->
        <test-method status="PASS" signature="loginTest()[pri:1, instance:testNgConcept.CrmTestNG@711f39f9]" name="loginTest" duration-ms="1838" started-at="2020-11-07T22:13:27 EST" finished-at="2020-11-07T22:13:29 EST">
          <reporter-output>
          </reporter-output>
        </test-method> <!-- loginTest -->
        <test-method status="PASS" signature="launchBrowser()[pri:0, instance:testNgConcept.CrmTestNG@711f39f9]" name="launchBrowser" is-config="true" duration-ms="6664" started-at="2020-11-07T22:13:29 EST" finished-at="2020-11-07T22:13:35 EST">
          <reporter-output>
          </reporter-output>
        </test-method> <!-- launchBrowser -->
        <test-method status="PASS" signature="addCustomerTest()[pri:2, instance:testNgConcept.CrmTestNG@711f39f9]" name="addCustomerTest" duration-ms="3304" started-at="2020-11-07T22:13:35 EST" finished-at="2020-11-07T22:13:39 EST">
          <reporter-output>
          </reporter-output>
        </test-method> <!-- addCustomerTest -->
      </class> <!-- testNgConcept.CrmTestNG -->
    </test> <!-- Default test -->
  </suite> <!-- Default suite -->
</testng-results>
